<?xml version="1.0" encoding="UTF-8"?>
<!-- Generated by org.testng.reporters.JUnitReportReporter -->
<testsuite skipped="0" hostname="LP-LalitSingh" name="testLoginPage.LoginPageTest" tests="1" failures="0" timestamp="22 Jun 2018 06:12:52 GMT" time="15.474" errors="0">
  <testcase name="LoginTest" time="15.474" classname="testLoginPage.LoginPageTest"/>
</testsuite> <!-- testLoginPage.LoginPageTest -->
