<?xml version="1.0" encoding="UTF-8"?>
<!-- Generated by org.testng.reporters.JUnitReportReporter -->
<testsuite skipped="0" hostname="LP-LalitSingh" name="testLoginPage.LoginPageTest" tests="1" failures="0" timestamp="20 Jun 2018 08:46:43 GMT" time="6.257" errors="0">
  <testcase name="LoginTest" time="6.257" classname="testLoginPage.LoginPageTest"/>
</testsuite> <!-- testLoginPage.LoginPageTest -->
